main.c(94): Warning! W107: Missing return value for function 'delete_terminal'
main.c(148): Warning! W112: Parameter 1: Pointer truncated
main.c(148): Note! I2003: source conversion type is 'char __far *'
main.c(148): Note! I2004: target conversion type is 'char *'
main.c(148): Note! I2002: 'strlen' defined in: ../std/stdio.h(12)
main.c(149): Warning! W112: Parameter 1: Pointer truncated
main.c(149): Note! I2003: source conversion type is 'char __far *'
main.c(149): Note! I2004: target conversion type is 'char *'
main.c(149): Note! I2002: 'strlen' defined in: ../std/stdio.h(12)
main.c(188): Warning! W112: Pointer truncated
main.c(188): Note! I2003: source conversion type is 'void __far *'
main.c(188): Note! I2004: target conversion type is 'char __far **'
main.c(178): Warning! W303: Parameter 'count' has been defined, but not referenced
main.c(585): Warning! W136: Comparison equivalent to 'unsigned == 0'
main.c(591): Warning! W136: Comparison equivalent to 'unsigned == 0'
main.c(243): Warning! W308: The function 'getk' without prototyped parameters called
main.c(243): Note! I2002: 'getk' defined in: keyboard/keyboard.h(12)
main.c(620): Warning! W308: The function 'getk' without prototyped parameters called
main.c(620): Note! I2002: 'getk' defined in: keyboard/keyboard.h(12)
main.c(623): Warning! W308: The function 'getk' without prototyped parameters called
main.c(623): Note! I2002: 'getk' defined in: keyboard/keyboard.h(12)
